# JRE version: OpenJDK Runtime Environment (11.0.15) (build 11.0.15+0-b2043.56-9505619)
# Java VM: OpenJDK 64-Bit Server VM (11.0.15+0-b2043.56-9505619, mixed mode, tiered, compressed oops, g1 gc, windows-amd64)
Heap:
 garbage-first heap   total 314368K, used 236200K [0x00000000a0000000, 0x0000000100000000)
  region size 1024K, 50 young (51200K), 8 survivors (8192K)
 Metaspace       used 102608K, capacity 107648K, committed 107912K, reserved 1142784K
  class space    used 13363K, capacity 14936K, committed 14976K, reserved 1048576K
GC Heap History (20 events):
Event: 284.781 GC heap before
{Heap before GC invocations=50 (full 0):
 garbage-first heap   total 196608K, used 154955K [0x00000000a0000000, 0x0000000100000000)
  region size 1024K, 9 young (9216K), 2 survivors (2048K)
 Metaspace       used 100797K, capacity 105508K, committed 105608K, reserved 1140736K
  class space    used 13208K, capacity 14660K, committed 14720K, reserved 1048576K
}
Event: 284.789 GC heap after
{Heap after GC invocations=51 (full 0):
 garbage-first heap   total 196608K, used 134920K [0x00000000a0000000, 0x0000000100000000)
  region size 1024K, 2 young (2048K), 2 survivors (2048K)
 Metaspace       used 100797K, capacity 105508K, committed 105608K, reserved 1140736K
  class space    used 13208K, capacity 14660K, committed 14720K, reserved 1048576K
}
Event: 284.868 GC heap before
{Heap before GC invocations=51 (full 0):
 garbage-first heap   total 196608K, used 141064K [0x00000000a0000000, 0x0000000100000000)
  region size 1024K, 9 young (9216K), 2 survivors (2048K)
 Metaspace       used 100830K, capacity 105660K, committed 105864K, reserved 1140736K
  class space    used 13211K, capacity 14664K, committed 14720K, reserved 1048576K
}
Event: 284.877 GC heap after
{Heap after GC invocations=52 (full 0):
 garbage-first heap   total 196608K, used 129785K [0x00000000a0000000, 0x0000000100000000)
  region size 1024K, 2 young (2048K), 2 survivors (2048K)
 Metaspace       used 100830K, capacity 105660K, committed 105864K, reserved 1140736K
  class space    used 13211K, capacity 14664K, committed 14720K, reserved 1048576K
}
Event: 285.120 GC heap before
{Heap before GC invocations=52 (full 0):
 garbage-first heap   total 196608K, used 155385K [0x00000000a0000000, 0x0000000100000000)
  region size 1024K, 27 young (27648K), 2 survivors (2048K)
 Metaspace       used 101002K, capacity 105770K, committed 105864K, reserved 1140736K
  class space    used 13222K, capacity 14686K, committed 14720K, reserved 1048576K
}
Event: 285.130 GC heap after
{Heap after GC invocations=53 (full 0):
 garbage-first heap   total 196608K, used 135168K [0x00000000a0000000, 0x0000000100000000)
  region size 1024K, 4 young (4096K), 4 survivors (4096K)
 Metaspace       used 101002K, capacity 105770K, committed 105864K, reserved 1140736K
  class space    used 13222K, capacity 14686K, committed 14720K, reserved 1048576K
}
Event: 285.396 GC heap before
{Heap before GC invocations=54 (full 0):
 garbage-first heap   total 196608K, used 158720K [0x00000000a0000000, 0x0000000100000000)
  region size 1024K, 27 young (27648K), 4 survivors (4096K)
 Metaspace       used 101064K, capacity 105784K, committed 105864K, reserved 1140736K
  class space    used 13225K, capacity 14690K, committed 14720K, reserved 1048576K
}
Event: 285.406 GC heap after
{Heap after GC invocations=55 (full 0):
 garbage-first heap   total 196608K, used 139201K [0x00000000a0000000, 0x0000000100000000)
  region size 1024K, 4 young (4096K), 4 survivors (4096K)
 Metaspace       used 101064K, capacity 105784K, committed 105864K, reserved 1140736K
  class space    used 13225K, capacity 14690K, committed 14720K, reserved 1048576K
}
Event: 285.443 GC heap before
{Heap before GC invocations=55 (full 0):
 garbage-first heap   total 196608K, used 143297K [0x00000000a0000000, 0x0000000100000000)
  region size 1024K, 9 young (9216K), 4 survivors (4096K)
 Metaspace       used 101089K, capacity 105854K, committed 106120K, reserved 1140736K
  class space    used 13226K, capacity 14692K, committed 14720K, reserved 1048576K
}
Event: 285.450 GC heap after
{Heap after GC invocations=56 (full 0):
 garbage-first heap   total 196608K, used 138865K [0x00000000a0000000, 0x0000000100000000)
  region size 1024K, 2 young (2048K), 2 survivors (2048K)
 Metaspace       used 101089K, capacity 105854K, committed 106120K, reserved 1140736K
  class space    used 13226K, capacity 14692K, committed 14720K, reserved 1048576K
}
Event: 285.803 GC heap before
{Heap before GC invocations=56 (full 0):
 garbage-first heap   total 196608K, used 160369K [0x00000000a0000000, 0x0000000100000000)
  region size 1024K, 23 young (23552K), 2 survivors (2048K)
 Metaspace       used 101177K, capacity 105929K, committed 106120K, reserved 1140736K
  class space    used 13227K, capacity 14694K, committed 14720K, reserved 1048576K
}
Event: 285.826 GC heap after
{Heap after GC invocations=57 (full 0):
 garbage-first heap   total 314368K, used 146081K [0x00000000a0000000, 0x0000000100000000)
  region size 1024K, 3 young (3072K), 3 survivors (3072K)
 Metaspace       used 101177K, capacity 105929K, committed 106120K, reserved 1140736K
  class space    used 13227K, capacity 14694K, committed 14720K, reserved 1048576K
}
Event: 365.568 GC heap before
{Heap before GC invocations=58 (full 0):
 garbage-first heap   total 314368K, used 205473K [0x00000000a0000000, 0x0000000100000000)
  region size 1024K, 62 young (63488K), 3 survivors (3072K)
 Metaspace       used 101830K, capacity 106845K, committed 107016K, reserved 1142784K
  class space    used 13312K, capacity 14844K, committed 14848K, reserved 1048576K
}
Event: 365.590 GC heap after
{Heap after GC invocations=59 (full 0):
 garbage-first heap   total 314368K, used 162041K [0x00000000a0000000, 0x0000000100000000)
  region size 1024K, 8 young (8192K), 8 survivors (8192K)
 Metaspace       used 101830K, capacity 106845K, committed 107016K, reserved 1142784K
  class space    used 13312K, capacity 14844K, committed 14848K, reserved 1048576K
}
Event: 366.537 GC heap before
{Heap before GC invocations=59 (full 0):
 garbage-first heap   total 314368K, used 219385K [0x00000000a0000000, 0x0000000100000000)
  region size 1024K, 64 young (65536K), 8 survivors (8192K)
 Metaspace       used 102158K, capacity 107232K, committed 107400K, reserved 1142784K
  class space    used 13354K, capacity 14922K, committed 14976K, reserved 1048576K
}
Event: 366.575 GC heap after
{Heap after GC invocations=60 (full 0):
 garbage-first heap   total 314368K, used 170665K [0x00000000a0000000, 0x0000000100000000)
  region size 1024K, 8 young (8192K), 8 survivors (8192K)
 Metaspace       used 102158K, capacity 107232K, committed 107400K, reserved 1142784K
  class space    used 13354K, capacity 14922K, committed 14976K, reserved 1048576K
}
Event: 367.217 GC heap before
{Heap before GC invocations=61 (full 0):
 garbage-first heap   total 314368K, used 226985K [0x00000000a0000000, 0x0000000100000000)
  region size 1024K, 64 young (65536K), 8 survivors (8192K)
 Metaspace       used 102317K, capacity 107347K, committed 107400K, reserved 1142784K
  class space    used 13358K, capacity 14930K, committed 14976K, reserved 1048576K
}
Event: 367.236 GC heap after
{Heap after GC invocations=62 (full 0):
 garbage-first heap   total 314368K, used 180433K [0x00000000a0000000, 0x0000000100000000)
  region size 1024K, 8 young (8192K), 8 survivors (8192K)
 Metaspace       used 102317K, capacity 107347K, committed 107400K, reserved 1142784K
  class space    used 13358K, capacity 14930K, committed 14976K, reserved 1048576K
}
Event: 367.852 GC heap before
{Heap before GC invocations=62 (full 0):
 garbage-first heap   total 314368K, used 236753K [0x00000000a0000000, 0x0000000100000000)
  region size 1024K, 63 young (64512K), 8 survivors (8192K)
 Metaspace       used 102489K, capacity 107572K, committed 107656K, reserved 1142784K
  class space    used 13361K, capacity 14934K, committed 14976K, reserved 1048576K
}
Event: 367.910 GC heap after
{Heap after GC invocations=63 (full 0):
 garbage-first heap   total 314368K, used 194216K [0x00000000a0000000, 0x0000000100000000)
  region size 1024K, 8 young (8192K), 8 survivors (8192K)
 Metaspace       used 102489K, capacity 107572K, committed 107656K, reserved 1142784K
  class space    used 13361K, capacity 14934K, committed 14976K, reserved 1048576K
}

