# JRE version: OpenJDK Runtime Environment (11.0.15) (build 11.0.15+0-b2043.56-9505619)
# Java VM: OpenJDK 64-Bit Server VM (11.0.15+0-b2043.56-9505619, mixed mode, tiered, compressed oops, g1 gc, windows-amd64)
Heap:
 garbage-first heap   total 424960K, used 250650K [0x00000000a0000000, 0x0000000100000000)
  region size 1024K, 62 young (63488K), 6 survivors (6144K)
 Metaspace       used 112212K, capacity 117256K, committed 117512K, reserved 1150976K
  class space    used 14499K, capacity 16084K, committed 16128K, reserved 1048576K
GC Heap History (20 events):
Event: 39.939 GC heap before
{Heap before GC invocations=67 (full 0):
 garbage-first heap   total 338944K, used 299665K [0x00000000a0000000, 0x0000000100000000)
  region size 1024K, 16 young (16384K), 3 survivors (3072K)
 Metaspace       used 108450K, capacity 113103K, committed 113160K, reserved 1146880K
  class space    used 14092K, capacity 15571K, committed 15616K, reserved 1048576K
}
Event: 39.943 GC heap after
{Heap after GC invocations=68 (full 0):
 garbage-first heap   total 338944K, used 288098K [0x00000000a0000000, 0x0000000100000000)
  region size 1024K, 1 young (1024K), 1 survivors (1024K)
 Metaspace       used 108450K, capacity 113103K, committed 113160K, reserved 1146880K
  class space    used 14092K, capacity 15571K, committed 15616K, reserved 1048576K
}
Event: 40.129 GC heap before
{Heap before GC invocations=68 (full 0):
 garbage-first heap   total 338944K, used 303458K [0x00000000a0000000, 0x0000000100000000)
  region size 1024K, 16 young (16384K), 1 survivors (1024K)
 Metaspace       used 109192K, capacity 113885K, committed 114056K, reserved 1148928K
  class space    used 14162K, capacity 15666K, committed 15744K, reserved 1048576K
}
Event: 40.133 GC heap after
{Heap after GC invocations=69 (full 0):
 garbage-first heap   total 338944K, used 290432K [0x00000000a0000000, 0x0000000100000000)
  region size 1024K, 2 young (2048K), 2 survivors (2048K)
 Metaspace       used 109192K, capacity 113885K, committed 114056K, reserved 1148928K
  class space    used 14162K, capacity 15666K, committed 15744K, reserved 1048576K
}
Event: 40.373 GC heap before
{Heap before GC invocations=69 (full 0):
 garbage-first heap   total 338944K, used 304768K [0x00000000a0000000, 0x0000000100000000)
  region size 1024K, 16 young (16384K), 2 survivors (2048K)
 Metaspace       used 109597K, capacity 114270K, committed 114312K, reserved 1148928K
  class space    used 14202K, capacity 15710K, committed 15744K, reserved 1048576K
}
Event: 40.377 GC heap after
{Heap after GC invocations=70 (full 0):
 garbage-first heap   total 338944K, used 291327K [0x00000000a0000000, 0x0000000100000000)
  region size 1024K, 1 young (1024K), 1 survivors (1024K)
 Metaspace       used 109597K, capacity 114270K, committed 114312K, reserved 1148928K
  class space    used 14202K, capacity 15710K, committed 15744K, reserved 1048576K
}
Event: 40.687 GC heap before
{Heap before GC invocations=71 (full 0):
 garbage-first heap   total 338944K, used 255487K [0x00000000a0000000, 0x0000000100000000)
  region size 1024K, 16 young (16384K), 1 survivors (1024K)
 Metaspace       used 109702K, capacity 114454K, committed 114568K, reserved 1148928K
  class space    used 14216K, capacity 15728K, committed 15744K, reserved 1048576K
}
Event: 40.690 GC heap after
{Heap after GC invocations=72 (full 0):
 garbage-first heap   total 338944K, used 240687K [0x00000000a0000000, 0x0000000100000000)
  region size 1024K, 2 young (2048K), 2 survivors (2048K)
 Metaspace       used 109702K, capacity 114454K, committed 114568K, reserved 1148928K
  class space    used 14216K, capacity 15728K, committed 15744K, reserved 1048576K
}
Event: 41.314 GC heap before
{Heap before GC invocations=72 (full 0):
 garbage-first heap   total 338944K, used 273455K [0x00000000a0000000, 0x0000000100000000)
  region size 1024K, 34 young (34816K), 2 survivors (2048K)
 Metaspace       used 110426K, capacity 115288K, committed 115592K, reserved 1148928K
  class space    used 14325K, capacity 15879K, committed 16000K, reserved 1048576K
}
Event: 41.319 GC heap after
{Heap after GC invocations=73 (full 0):
 garbage-first heap   total 338944K, used 242442K [0x00000000a0000000, 0x0000000100000000)
  region size 1024K, 4 young (4096K), 4 survivors (4096K)
 Metaspace       used 110426K, capacity 115288K, committed 115592K, reserved 1148928K
  class space    used 14325K, capacity 15879K, committed 16000K, reserved 1048576K
}
Event: 42.438 GC heap before
{Heap before GC invocations=74 (full 0):
 garbage-first heap   total 338944K, used 225034K [0x00000000a0000000, 0x0000000100000000)
  region size 1024K, 38 young (38912K), 4 survivors (4096K)
 Metaspace       used 110654K, capacity 115521K, committed 115848K, reserved 1148928K
  class space    used 14354K, capacity 15913K, committed 16000K, reserved 1048576K
}
Event: 42.443 GC heap after
{Heap after GC invocations=75 (full 0):
 garbage-first heap   total 338944K, used 191579K [0x00000000a0000000, 0x0000000100000000)
  region size 1024K, 3 young (3072K), 3 survivors (3072K)
 Metaspace       used 110654K, capacity 115521K, committed 115848K, reserved 1148928K
  class space    used 14354K, capacity 15913K, committed 16000K, reserved 1048576K
}
Event: 42.482 GC heap before
{Heap before GC invocations=75 (full 0):
 garbage-first heap   total 338944K, used 195675K [0x00000000a0000000, 0x0000000100000000)
  region size 1024K, 9 young (9216K), 3 survivors (3072K)
 Metaspace       used 110737K, capacity 115589K, committed 115848K, reserved 1148928K
  class space    used 14364K, capacity 15914K, committed 16000K, reserved 1048576K
}
Event: 42.485 GC heap after
{Heap after GC invocations=76 (full 0):
 garbage-first heap   total 338944K, used 191619K [0x00000000a0000000, 0x0000000100000000)
  region size 1024K, 3 young (3072K), 3 survivors (3072K)
 Metaspace       used 110737K, capacity 115589K, committed 115848K, reserved 1148928K
  class space    used 14364K, capacity 15914K, committed 16000K, reserved 1048576K
}
Event: 42.920 GC heap before
{Heap before GC invocations=77 (full 0):
 garbage-first heap   total 422912K, used 418947K [0x00000000a0000000, 0x0000000100000000)
  region size 1024K, 4 young (4096K), 3 survivors (3072K)
 Metaspace       used 110740K, capacity 115589K, committed 115848K, reserved 1148928K
  class space    used 14365K, capacity 15914K, committed 16000K, reserved 1048576K
}
Event: 42.925 GC heap after
{Heap after GC invocations=78 (full 0):
 garbage-first heap   total 424960K, used 208284K [0x00000000a0000000, 0x0000000100000000)
  region size 1024K, 4 young (4096K), 4 survivors (4096K)
 Metaspace       used 110740K, capacity 115589K, committed 115848K, reserved 1148928K
  class space    used 14365K, capacity 15914K, committed 16000K, reserved 1048576K
}
Event: 2382.942 GC heap before
{Heap before GC invocations=79 (full 0):
 garbage-first heap   total 424960K, used 313756K [0x00000000a0000000, 0x0000000100000000)
  region size 1024K, 82 young (83968K), 4 survivors (4096K)
 Metaspace       used 111675K, capacity 116586K, committed 116744K, reserved 1150976K
  class space    used 14455K, capacity 16005K, committed 16128K, reserved 1048576K
}
Event: 2382.963 GC heap after
{Heap after GC invocations=80 (full 0):
 garbage-first heap   total 424960K, used 192268K [0x00000000a0000000, 0x0000000100000000)
  region size 1024K, 4 young (4096K), 4 survivors (4096K)
 Metaspace       used 111675K, capacity 116586K, committed 116744K, reserved 1150976K
  class space    used 14455K, capacity 16005K, committed 16128K, reserved 1048576K
}
Event: 6212.249 GC heap before
{Heap before GC invocations=80 (full 0):
 garbage-first heap   total 424960K, used 289548K [0x00000000a0000000, 0x0000000100000000)
  region size 1024K, 100 young (102400K), 4 survivors (4096K)
 Metaspace       used 111819K, capacity 116741K, committed 117000K, reserved 1150976K
  class space    used 14466K, capacity 16024K, committed 16128K, reserved 1048576K
}
Event: 6212.272 GC heap after
{Heap after GC invocations=81 (full 0):
 garbage-first heap   total 424960K, used 194330K [0x00000000a0000000, 0x0000000100000000)
  region size 1024K, 6 young (6144K), 6 survivors (6144K)
 Metaspace       used 111819K, capacity 116741K, committed 117000K, reserved 1150976K
  class space    used 14466K, capacity 16024K, committed 16128K, reserved 1048576K
}

